<?xml version="1.0" encoding="UTF-8"?>
<testng-results skipped="0" failed="0" ignored="0" total="1" passed="1">
  <reporter-output>
  </reporter-output>
  <suite name="Default suite" duration-ms="21462" started-at="2020-12-22T05:17:33Z" finished-at="2020-12-22T05:17:55Z">
    <groups>
    </groups>
    <test name="Default test" duration-ms="21462" started-at="2020-12-22T05:17:33Z" finished-at="2020-12-22T05:17:55Z">
      <class name="pom.loginPageFactory">
        <test-method status="PASS" signature="loginPageFactory()[pri:0, instance:pom.loginPageFactory@15eef3d]" name="loginPageFactory" duration-ms="21411" started-at="2020-12-22T05:17:33Z" finished-at="2020-12-22T05:17:55Z">
          <reporter-output>
          </reporter-output>
        </test-method> <!-- loginPageFactory -->
      </class> <!-- pom.loginPageFactory -->
    </test> <!-- Default test -->
  </suite> <!-- Default suite -->
</testng-results>
